<?xml version="1.0" encoding="UTF-8"?>
<testng-results skipped="0" failed="0" ignored="0" total="1" passed="1">
  <reporter-output>
  </reporter-output>
  <suite name="Default suite" duration-ms="18338" started-at="2018-01-11T21:32:36Z" finished-at="2018-01-11T21:32:54Z">
    <groups>
    </groups>
    <test name="Default test" duration-ms="18338" started-at="2018-01-11T21:32:36Z" finished-at="2018-01-11T21:32:54Z">
      <class name="test.cupones.Cupon">
        <test-method status="PASS" signature="initializeTestBaseSetup()[pri:0, instance:test.cupones.Cupon@59fa1d9b]" name="initializeTestBaseSetup" is-config="true" duration-ms="8099" started-at="2018-01-11T16:32:36Z" finished-at="2018-01-11T16:32:44Z">
          <reporter-output>
          </reporter-output>
        </test-method> <!-- initializeTestBaseSetup -->
        <test-method status="PASS" signature="crearCupon()[pri:0, instance:test.cupones.Cupon@59fa1d9b]" name="crearCupon" duration-ms="9553" started-at="2018-01-11T16:32:44Z" finished-at="2018-01-11T16:32:53Z">
          <reporter-output>
          </reporter-output>
        </test-method> <!-- crearCupon -->
        <test-method status="PASS" signature="tearDown()[pri:0, instance:test.cupones.Cupon@59fa1d9b]" name="tearDown" is-config="true" duration-ms="671" started-at="2018-01-11T16:32:53Z" finished-at="2018-01-11T16:32:54Z">
          <reporter-output>
          </reporter-output>
        </test-method> <!-- tearDown -->
      </class> <!-- test.cupones.Cupon -->
    </test> <!-- Default test -->
  </suite> <!-- Default suite -->
</testng-results>
